# Logfile created on Thu Jun 24 21:55:33 -0400 2010  [4;36;1mSQL (0.3ms)[0m   [0;1mSET SQL_AUTO_IS_NULL=0[0m


Processing AccountsController#invoice_by_customer (for 127.0.0.1 at 2010-06-24 21:55:39) [GET]
  Parameters: {"action"=>"invoice_by_customer", "id"=>"7", "controller"=>"accounts"}
  [4;35;1mUser Columns (2.4ms)[0m   [0mSHOW FIELDS FROM `users`[0m
  [4;36;1mUser Load (0.4ms)[0m   [0;1mSELECT * FROM `users` WHERE (`users`.`id` = '2') LIMIT 1[0m
  [4;35;1mSQL (0.1ms)[0m   [0mBEGIN[0m
  [4;36;1mUser Update (0.3ms)[0m   [0;1mUPDATE `users` SET `updated_at` = '2010-06-25 01:55:39', `perishable_token` = 'nlSsoNe90I7rMlOKLkHJ', `last_request_at` = '2010-06-25 01:55:39' WHERE `id` = 2[0m
  [4;35;1mSQL (0.5ms)[0m   [0mCOMMIT[0m
  [4;36;1mDeliveryCycle Load (0.4ms)[0m   [0;1mSELECT * FROM `delivery_cycles` WHERE (edit_open <= '2010-06-25 01:55:39' and pickup_close > '2010-06-25 01:55:39') LIMIT 1[0m
  [4;35;1mDeliveryCycle Columns (1.7ms)[0m   [0mSHOW FIELDS FROM `delivery_cycles`[0m
  [4;36;1mOrderable Load (0.4ms)[0m   [0;1mSELECT * FROM `orderables` WHERE (`orderables`.delivery_cycle_id = 3) AND ((status = 'Available') AND (`orderables`.delivery_cycle_id = 3)) [0m
  [4;35;1mOrderable Load (0.3ms)[0m   [0mSELECT * FROM `orderables` WHERE (`orderables`.delivery_cycle_id = 3) AND ((status = 'In Cart') AND (`orderables`.delivery_cycle_id = 3)) [0m
  [4;36;1mAccount Columns (2.3ms)[0m   [0;1mSHOW FIELDS FROM `accounts`[0m
  [4;35;1mAccount Load (0.3ms)[0m   [0mSELECT * FROM `accounts` WHERE (`accounts`.`id` = 7) [0m
  [4;36;1mLineItem Load (0.5ms)[0m   [0;1mSELECT `line_items`.* FROM `line_items` inner join products on line_items.product_id = products.id inner join orders on orders.id = line_items.order_id WHERE (products.account_id = 7 and orders.delivery_cycle_id = 3) [0m
  [4;35;1mLineItem Columns (1.3ms)[0m   [0mSHOW FIELDS FROM `line_items`[0m
  [4;36;1mProduct Columns (2.1ms)[0m   [0;1mSHOW FIELDS FROM `products`[0m
  [4;35;1mProduct Load (0.3ms)[0m   [0mSELECT * FROM `products` WHERE (`products`.`id` IN (1,2,3)) [0m
  [4;36;1mOrder Columns (1.6ms)[0m   [0;1mSHOW FIELDS FROM `orders`[0m
  [4;35;1mOrder Load (0.4ms)[0m   [0mSELECT * FROM `orders` WHERE (`orders`.`id` IN (1,2)) [0m
  [4;36;1mOrderable Columns (1.5ms)[0m   [0;1mSHOW FIELDS FROM `orderables`[0m
  [4;35;1mSQL (0.3ms)[0m   [0mSELECT count(*) AS count_all FROM `orderables` WHERE (`orderables`.line_item_id = 3) [0m
  [4;36;1mCACHE (0.0ms)[0m   [0;1mSELECT count(*) AS count_all FROM `orderables` WHERE (`orderables`.line_item_id = 3) [0m
  [4;35;1mUser Load (0.3ms)[0m   [0mSELECT * FROM `users` WHERE (`users`.`id` = 2) [0m
  [4;36;1mSQL (1.5ms)[0m   [0;1mSELECT count(*) AS count_all FROM `orderables` WHERE (`orderables`.line_item_id = 4) [0m
  [4;35;1mCACHE (0.0ms)[0m   [0mSELECT count(*) AS count_all FROM `orderables` WHERE (`orderables`.line_item_id = 4) [0m
  [4;36;1mUser Load (0.3ms)[0m   [0;1mSELECT * FROM `users` WHERE (`users`.`id` = 5) [0m
  [4;35;1mSQL (0.2ms)[0m   [0mSELECT count(*) AS count_all FROM `orderables` WHERE (`orderables`.line_item_id = 5) [0m
  [4;36;1mCACHE (0.0ms)[0m   [0;1mSELECT count(*) AS count_all FROM `orderables` WHERE (`orderables`.line_item_id = 5) [0m
Rendering template within layouts/application
Rendering accounts/invoice_by_customer
Rendered layouts/_head_tag (20.7ms)
  [4;35;1mDeliveryCycle Load (0.4ms)[0m   [0mSELECT * FROM `delivery_cycles` WHERE (edit_open <= '2010-06-25 01:55:40' and pickup_close > '2010-06-25 01:55:40') LIMIT 1[0m
  [4;36;1mCACHE (0.0ms)[0m   [0;1mSELECT * FROM `delivery_cycles` WHERE (edit_open <= '2010-06-25 01:55:40' and pickup_close > '2010-06-25 01:55:40') LIMIT 1[0m
  [4;35;1mOrder Load (0.3ms)[0m   [0mSELECT * FROM `orders` WHERE (user_id = 2 and delivery_cycle_id = 3) LIMIT 1[0m
  [4;36;1mCACHE (0.0ms)[0m   [0;1mSELECT * FROM `delivery_cycles` WHERE (edit_open <= '2010-06-25 01:55:40' and pickup_close > '2010-06-25 01:55:40') LIMIT 1[0m
  [4;35;1mCACHE (0.0ms)[0m   [0mSELECT * FROM `orders` WHERE (user_id = 2 and delivery_cycle_id = 3) LIMIT 1[0m
  [4;36;1mCACHE (0.0ms)[0m   [0;1mSELECT * FROM `delivery_cycles` WHERE (edit_open <= '2010-06-25 01:55:40' and pickup_close > '2010-06-25 01:55:40') LIMIT 1[0m
  [4;35;1mCACHE (0.0ms)[0m   [0mSELECT * FROM `orders` WHERE (user_id = 2 and delivery_cycle_id = 3) LIMIT 1[0m
Rendered layouts/_header (29.1ms)
Rendered layouts/_footer (15.9ms)
Completed in 1140ms (View: 227, DB: 20) | 200 OK [http://localhost/accounts/7/invoice_by_customer]
  [4;36;1mSQL (0.2ms)[0m   [0;1mSET SQL_AUTO_IS_NULL=0[0m


Processing AccountsController#invoice_by_customer to pdf (for 127.0.0.1 at 2010-06-24 21:57:16) [GET]
  Parameters: {"format"=>"pdf", "action"=>"invoice_by_customer", "id"=>"7", "controller"=>"accounts"}
  [4;35;1mUser Columns (3.9ms)[0m   [0mSHOW FIELDS FROM `users`[0m
  [4;36;1mUser Load (0.4ms)[0m   [0;1mSELECT * FROM `users` WHERE (`users`.`id` = '2') LIMIT 1[0m
  [4;35;1mSQL (0.2ms)[0m   [0mBEGIN[0m
  [4;36;1mUser Update (0.3ms)[0m   [0;1mUPDATE `users` SET `updated_at` = '2010-06-25 01:57:16', `perishable_token` = 'pKCL5XkL2zmuRaetGFWj', `last_request_at` = '2010-06-25 01:57:16' WHERE `id` = 2[0m
  [4;35;1mSQL (0.4ms)[0m   [0mCOMMIT[0m
  [4;36;1mDeliveryCycle Load (0.4ms)[0m   [0;1mSELECT * FROM `delivery_cycles` WHERE (edit_open <= '2010-06-25 01:57:16' and pickup_close > '2010-06-25 01:57:16') LIMIT 1[0m
  [4;35;1mDeliveryCycle Columns (1.7ms)[0m   [0mSHOW FIELDS FROM `delivery_cycles`[0m
  [4;36;1mOrderable Load (0.8ms)[0m   [0;1mSELECT * FROM `orderables` WHERE (`orderables`.delivery_cycle_id = 3) AND ((status = 'Available') AND (`orderables`.delivery_cycle_id = 3)) [0m
  [4;35;1mOrderable Load (0.4ms)[0m   [0mSELECT * FROM `orderables` WHERE (`orderables`.delivery_cycle_id = 3) AND ((status = 'In Cart') AND (`orderables`.delivery_cycle_id = 3)) [0m
  [4;36;1mAccount Columns (2.3ms)[0m   [0;1mSHOW FIELDS FROM `accounts`[0m
  [4;35;1mAccount Load (0.4ms)[0m   [0mSELECT * FROM `accounts` WHERE (`accounts`.`id` = 7) [0m
  [4;36;1mLineItem Load (0.4ms)[0m   [0;1mSELECT `line_items`.* FROM `line_items` inner join products on line_items.product_id = products.id inner join orders on orders.id = line_items.order_id WHERE (products.account_id = 7 and orders.delivery_cycle_id = 3) [0m
  [4;35;1mLineItem Columns (1.5ms)[0m   [0mSHOW FIELDS FROM `line_items`[0m
  [4;36;1mProduct Columns (1.9ms)[0m   [0;1mSHOW FIELDS FROM `products`[0m
  [4;35;1mProduct Load (0.4ms)[0m   [0mSELECT * FROM `products` WHERE (`products`.`id` IN (1,2,3)) [0m
  [4;36;1mOrder Columns (1.5ms)[0m   [0;1mSHOW FIELDS FROM `orders`[0m
  [4;35;1mOrder Load (0.4ms)[0m   [0mSELECT * FROM `orders` WHERE (`orders`.`id` IN (1,2)) [0m
  [4;36;1mOrderable Columns (4.1ms)[0m   [0;1mSHOW FIELDS FROM `orderables`[0m
  [4;35;1mSQL (0.3ms)[0m   [0mSELECT count(*) AS count_all FROM `orderables` WHERE (`orderables`.line_item_id = 3) [0m
  [4;36;1mCACHE (0.0ms)[0m   [0;1mSELECT count(*) AS count_all FROM `orderables` WHERE (`orderables`.line_item_id = 3) [0m
  [4;35;1mUser Load (0.4ms)[0m   [0mSELECT * FROM `users` WHERE (`users`.`id` = 2) [0m
  [4;36;1mSQL (0.2ms)[0m   [0;1mSELECT count(*) AS count_all FROM `orderables` WHERE (`orderables`.line_item_id = 4) [0m
  [4;35;1mCACHE (0.0ms)[0m   [0mSELECT count(*) AS count_all FROM `orderables` WHERE (`orderables`.line_item_id = 4) [0m
  [4;36;1mUser Load (0.7ms)[0m   [0;1mSELECT * FROM `users` WHERE (`users`.`id` = 5) [0m
  [4;35;1mSQL (0.2ms)[0m   [0mSELECT count(*) AS count_all FROM `orderables` WHERE (`orderables`.line_item_id = 5) [0m
  [4;36;1mCACHE (0.0ms)[0m   [0;1mSELECT count(*) AS count_all FROM `orderables` WHERE (`orderables`.line_item_id = 5) [0m
Sending data Becca's Bits and Bites_invoice.pdf
Completed in 1810ms (View: 2, DB: 23) | 200 OK [http://localhost/accounts/7/invoice_by_customer.pdf]
